CPLEX 12.8.0.0: time=600
CPLEX 12.8.0.0: time limit with integer solution; objective 4
18301367 MIP simplex iterations
608895 branch-and-bound nodes
absmipgap = 4, relmipgap = 1
numNodes = 192

numColors = 6

x [*,*]
:     0   1   2   3   4   5    :=
0     0   1   0   0   0   0
1     0   0   0   0   1   0
2     0   0   0   0   0   1
3     0   0   1   0   0   0
4     0   0   1   0   0   0
5     0   0   0   1   0   0
6     0   1   0   0   0   0
7     0   0   0   0   0   1
8     0   0   0   1   0   0
9     0   0   0   0   0   1
10    0   0   0   1   0   0
11    0   0   1   0   0   0
12    0   0   0   1   0   0
13    0   0   0   0   0   1
14    1   0   0   0   0   0
15    1   0   0   0   0   0
16    1   0   0   0   0   0
17    1   0   0   0   0   0
18    0   0   0   0   0   1
19    1   0   0   0   0   0
20    1   0   0   0   0   0
21    1   0   0   0   0   0
22    1   0   0   0   0   0
23    0   0   1   0   0   0
24    0   1   0   0   0   0
25    0   0   0   0   0   1
26    0   0   1   0   0   0
27    0   0   1   0   0   0
28    0   1   0   0   0   0
29    0   1   0   0   0   0
30    0   1   0   0   0   0
31    0   1   0   0   0   0
32    0   0   0   0   0   1
33    0   1   0   0   0   0
34    0   0   1   0   0   0
35    1   0   0   0   0   0
36    1   0   0   0   0   0
37    1   0   0   0   0   0
38    1   0   0   0   0   0
39    1   0   0   0   0   0
40    1   0   0   0   0   0
41    0   0   0   0   0   1
42    1   0   0   0   0   0
43    0   0   0   0   0   1
44    1   0   0   0   0   0
45    1   0   0   0   0   0
46    0   1   0   0   0   0
47    0   0   0   1   0   0
48    0   0   0   0   1   0
49    0   0   0   0   0   1
50    0   0   1   0   0   0
51    0   0   1   0   0   0
52    0   0   0   0   1   0
53    0   0   0   0   1   0
54    0   0   0   0   0   1
55    0   0   0   0   1   0
56    0   0   0   0   0   1
57    0   0   0   0   1   0
58    0   0   0   0   1   0
59    1   0   0   0   0   0
60    0   0   0   0   0   1
61    1   0   0   0   0   0
62    1   0   0   0   0   0
63    0   0   0   0   1   0
64    1   0   0   0   0   0
65    1   0   0   0   0   0
66    1   0   0   0   0   0
67    1   0   0   0   0   0
68    0   0   0   0   0   1
69    1   0   0   0   0   0
70    0   0   1   0   0   0
71    0   0   0   0   1   0
72    0   0   0   0   0   1
73    0   0   0   0   1   0
74    0   0   0   0   0   1
75    0   0   0   0   1   0
76    0   0   0   0   1   0
77    0   0   0   0   0   1
78    0   0   0   0   1   0
79    0   0   0   0   0   1
80    0   0   0   0   0   1
81    0   0   0   0   1   0
82    0   0   0   0   1   0
83    1   0   0   0   0   0
84    1   0   0   0   0   0
85    1   0   0   0   0   0
86    1   0   0   0   0   0
87    1   0   0   0   0   0
88    1   0   0   0   0   0
89    1   0   0   0   0   0
90    1   0   0   0   0   0
91    1   0   0   0   0   0
92    1   0   0   0   0   0
93    0   0   0   0   1   0
94    0   0   0   0   1   0
95    0   0   0   1   0   0
96    0   0   0   0   1   0
97    0   0   0   0   0   1
98    0   0   1   0   0   0
99    0   0   1   0   0   0
100   0   1   0   0   0   0
101   0   1   0   0   0   0
102   0   0   0   0   0   1
103   0   1   0   0   0   0
104   0   0   0   0   0   1
105   0   1   0   0   0   0
106   0   0   1   0   0   0
107   1   0   0   0   0   0
108   0   0   0   0   0   1
109   1   0   0   0   0   0
110   1   0   0   0   0   0
111   1   0   0   0   0   0
112   1   0   0   0   0   0
113   0   0   0   0   0   1
114   1   0   0   0   0   0
115   1   0   0   0   0   0
116   1   0   0   0   0   0
117   1   0   0   0   0   0
118   0   1   0   0   0   0
119   0   1   0   0   0   0
120   0   0   0   0   0   1
121   0   0   1   0   0   0
122   0   0   1   0   0   0
123   0   1   0   0   0   0
124   0   1   0   0   0   0
125   0   0   0   0   0   1
126   0   1   0   0   0   0
127   0   0   0   0   0   1
128   0   1   0   0   0   0
129   0   0   1   0   0   0
130   0   1   0   0   0   0
131   0   0   0   0   0   1
132   1   0   0   0   0   0
133   0   0   0   0   0   1
134   1   0   0   0   0   0
135   1   0   0   0   0   0
136   0   0   0   0   0   1
137   1   0   0   0   0   0
138   1   0   0   0   0   0
139   1   0   0   0   0   0
140   1   0   0   0   0   0
141   0   0   1   0   0   0
142   0   0   0   1   0   0
143   0   0   0   0   1   0
144   0   0   0   0   0   1
145   0   0   1   0   0   0
146   0   0   1   0   0   0
147   0   0   0   0   1   0
148   0   1   0   0   0   0
149   0   0   0   0   0   1
150   0   0   0   0   1   0
151   0   0   0   0   0   1
152   0   0   0   0   0   1
153   0   0   0   0   1   0
154   1   0   0   0   0   0
155   0   0   0   0   0   1
156   1   0   0   0   0   0
157   0   0   0   0   0   1
158   0   0   0   0   1   0
159   1   0   0   0   0   0
160   0   0   0   0   0   1
161   0   0   0   0   1   0
162   0   0   0   0   0   1
163   0   0   0   0   1   0
164   1   0   0   0   0   0
165   0   0   0   0   1   0
166   0   0   0   0   1   0
167   0   0   0   0   0   1
168   0   0   1   0   0   0
169   0   0   1   0   0   0
170   0   1   0   0   0   0
171   0   1   0   0   0   0
172   0   1   0   0   0   0
173   0   0   0   0   1   0
174   0   0   0   0   0   1
175   0   1   0   0   0   0
176   0   0   0   0   1   0
177   1   0   0   0   0   0
178   1   0   0   0   0   0
179   1   0   0   0   0   0
180   1   0   0   0   0   0
181   1   0   0   0   0   0
182   1   0   0   0   0   0
183   1   0   0   0   0   0
184   1   0   0   0   0   0
185   1   0   0   0   0   0
186   1   0   0   0   0   0
187   0   0   0   0   1   0
188   0   1   0   0   0   0
189   0   0   0   0   1   0
190   0   1   0   0   0   0
191   0   0   0   1   0   0
;

Conflicts.result = limit

Conflicts = 4

