CPLEX 12.8.0.0: time=600
CPLEX 12.8.0.0: time limit with integer solution; objective 1
21387146 MIP simplex iterations
1487517 branch-and-bound nodes
absmipgap = 1, relmipgap = 1
numNodes = 48

numColors = 5

x [*,*]
:    0   1   2   3   4    :=
0    1   0   0   0   0
1    0   0   0   1   0
2    0   0   0   0   1
3    1   0   0   0   0
4    1   0   0   0   0
5    0   0   0   0   1
6    0   1   0   0   0
7    0   1   0   0   0
8    0   1   0   0   0
9    0   1   0   0   0
10   0   0   1   0   0
11   0   0   0   0   1
12   0   0   0   1   0
13   0   0   0   0   1
14   1   0   0   0   0
15   1   0   0   0   0
16   0   0   0   0   1
17   0   1   0   0   0
18   0   1   0   0   0
19   0   1   0   0   0
20   0   1   0   0   0
21   0   1   0   0   0
22   0   0   0   0   1
23   0   0   0   1   0
24   0   0   0   1   0
25   0   0   1   0   0
26   0   0   0   1   0
27   1   0   0   0   0
28   0   0   1   0   0
29   0   0   0   1   0
30   0   0   1   0   0
31   0   1   0   0   0
32   0   1   0   0   0
33   0   0   1   0   0
34   0   0   0   1   0
35   0   0   1   0   0
36   0   0   1   0   0
37   1   0   0   0   0
38   1   0   0   0   0
39   0   0   1   0   0
40   0   0   1   0   0
41   0   1   0   0   0
42   0   0   1   0   0
43   0   0   1   0   0
44   0   0   1   0   0
45   1   0   0   0   0
46   0   0   1   0   0
47   0   0   0   0   1
;

Conflicts.result = limit

Conflicts = 1

