CPLEX 12.8.0.0: time=600
CPLEX 12.8.0.0: optimal integer solution; objective 1
24954 MIP simplex iterations
5438 branch-and-bound nodes
numNodes = 24

numColors = 4

x [*,*]
:    0   1   2   3    :=
0    0   0   1   0
1    0   0   0   1
2    1   0   0   0
3    0   1   0   0
4    1   0   0   0
5    0   0   1   0
6    0   0   1   0
7    1   0   0   0
8    0   1   0   0
9    0   1   0   0
10   0   0   1   0
11   0   0   0   1
12   0   0   1   0
13   1   0   0   0
14   0   0   0   1
15   1   0   0   0
16   0   0   1   0
17   0   0   1   0
18   1   0   0   0
19   0   0   1   0
20   1   0   0   0
21   0   0   1   0
22   0   0   0   1
23   0   1   0   0
;

Conflicts.result = solved

Conflicts = 1

