

Initial solution: 
Number of Conflicts: 5
Node 0 color: 1
Node 1 color: 0
Node 2 color: 1
Node 3 color: 2
Node 4 color: 1
Node 5 color: 0
Node 6 color: 2
Node 7 color: 3
Node 8 color: 2
Node 9 color: 2
Node 10 color: 3
Node 11 color: 0
Node 12 color: 4
Node 13 color: 1
Node 14 color: 4
Node 15 color: 1
Node 16 color: 3
Node 17 color: 0
Node 18 color: 3
Node 19 color: 5
Node 20 color: 5
Node 21 color: 3
Node 22 color: 1
Node 23 color: 0
Node 24 color: 4
Node 25 color: 3
Node 26 color: 2
Node 27 color: 5
Node 28 color: 3
Node 29 color: 2
Node 30 color: 3
Node 31 color: 2
Node 32 color: 2
Node 33 color: 3
Node 34 color: 4
Node 35 color: 4
Node 36 color: 3
Node 37 color: 4
Node 38 color: 5
Node 39 color: 3
Node 40 color: 3
Node 41 color: 3
Node 42 color: 4
Node 43 color: 5
Node 44 color: 3
Node 45 color: 4
Node 46 color: 2
Node 47 color: 0
Node 48 color: 4
Node 49 color: 1
Node 50 color: 2
Node 51 color: 1
Node 52 color: 3
Node 53 color: 2
Node 54 color: 3
Node 55 color: 2
Node 56 color: 2
Node 57 color: 3
Node 58 color: 1
Node 59 color: 4
Node 60 color: 1
Node 61 color: 4
Node 62 color: 1
Node 63 color: 3
Node 64 color: 0
Node 65 color: 1
Node 66 color: 5
Node 67 color: 1
Node 68 color: 3
Node 69 color: 1
Node 70 color: 2
Node 71 color: 4
Node 72 color: 1
Node 73 color: 2
Node 74 color: 1
Node 75 color: 3
Node 76 color: 2
Node 77 color: 3
Node 78 color: 2
Node 79 color: 2
Node 80 color: 3
Node 81 color: 1
Node 82 color: 4
Node 83 color: 1
Node 84 color: 2
Node 85 color: 1
Node 86 color: 3
Node 87 color: 2
Node 88 color: 1
Node 89 color: 2
Node 90 color: 1
Node 91 color: 3
Node 92 color: 1
Node 93 color: 2
Node 94 color: 1
Node 95 color: 0
Steepest Descent completed in 3 iterations
Found an optimal solution

Local Search Solution: 
Number of Conflicts: 2
Node 0 color: 1
Node 1 color: 0
Node 2 color: 1
Node 3 color: 2
Node 4 color: 1
Node 5 color: 0
Node 6 color: 2
Node 7 color: 3
Node 8 color: 2
Node 9 color: 2
Node 10 color: 3
Node 11 color: 0
Node 12 color: 4
Node 13 color: 1
Node 14 color: 4
Node 15 color: 1
Node 16 color: 3
Node 17 color: 3
Node 18 color: 3
Node 19 color: 5
Node 20 color: 5
Node 21 color: 3
Node 22 color: 1
Node 23 color: 0
Node 24 color: 4
Node 25 color: 3
Node 26 color: 2
Node 27 color: 5
Node 28 color: 3
Node 29 color: 2
Node 30 color: 3
Node 31 color: 2
Node 32 color: 2
Node 33 color: 3
Node 34 color: 4
Node 35 color: 4
Node 36 color: 3
Node 37 color: 4
Node 38 color: 5
Node 39 color: 3
Node 40 color: 3
Node 41 color: 3
Node 42 color: 4
Node 43 color: 5
Node 44 color: 3
Node 45 color: 4
Node 46 color: 2
Node 47 color: 0
Node 48 color: 4
Node 49 color: 1
Node 50 color: 2
Node 51 color: 1
Node 52 color: 3
Node 53 color: 2
Node 54 color: 3
Node 55 color: 2
Node 56 color: 2
Node 57 color: 3
Node 58 color: 1
Node 59 color: 4
Node 60 color: 1
Node 61 color: 4
Node 62 color: 1
Node 63 color: 3
Node 64 color: 2
Node 65 color: 1
Node 66 color: 5
Node 67 color: 1
Node 68 color: 3
Node 69 color: 1
Node 70 color: 2
Node 71 color: 4
Node 72 color: 1
Node 73 color: 2
Node 74 color: 1
Node 75 color: 3
Node 76 color: 2
Node 77 color: 3
Node 78 color: 2
Node 79 color: 2
Node 80 color: 3
Node 81 color: 1
Node 82 color: 4
Node 83 color: 1
Node 84 color: 2
Node 85 color: 1
Node 86 color: 3
Node 87 color: 2
Node 88 color: 1
Node 89 color: 2
Node 90 color: 1
Node 91 color: 3
Node 92 color: 1
Node 93 color: 2
Node 94 color: 1
Node 95 color: 0
