

Initial solution: 
Number of Conflicts: 34
Node 0 color: 1
Node 1 color: 0
Node 2 color: 1
Node 3 color: 2
Node 4 color: 1
Node 5 color: 0
Node 6 color: 2
Node 7 color: 3
Node 8 color: 2
Node 9 color: 2
Node 10 color: 3
Node 11 color: 0
Node 12 color: 4
Node 13 color: 1
Node 14 color: 4
Node 15 color: 1
Node 16 color: 3
Node 17 color: 0
Node 18 color: 3
Node 19 color: 0
Node 20 color: 0
Node 21 color: 3
Node 22 color: 1
Node 23 color: 0
Node 24 color: 4
Node 25 color: 5
Node 26 color: 2
Node 27 color: 5
Node 28 color: 5
Node 29 color: 2
Node 30 color: 5
Node 31 color: 2
Node 32 color: 2
Node 33 color: 5
Node 34 color: 4
Node 35 color: 4
Node 36 color: 5
Node 37 color: 4
Node 38 color: 5
Node 39 color: 4
Node 40 color: 5
Node 41 color: 5
Node 42 color: 5
Node 43 color: 5
Node 44 color: 5
Node 45 color: 4
Node 46 color: 2
Node 47 color: 0
Node 48 color: 4
Node 49 color: 3
Node 50 color: 2
Node 51 color: 0
Node 52 color: 3
Node 53 color: 2
Node 54 color: 3
Node 55 color: 2
Node 56 color: 2
Node 57 color: 3
Node 58 color: 4
Node 59 color: 4
Node 60 color: 3
Node 61 color: 4
Node 62 color: 0
Node 63 color: 3
Node 64 color: 3
Node 65 color: 3
Node 66 color: 0
Node 67 color: 0
Node 68 color: 3
Node 69 color: 4
Node 70 color: 2
Node 71 color: 4
Node 72 color: 3
Node 73 color: 2
Node 74 color: 5
Node 75 color: 3
Node 76 color: 2
Node 77 color: 3
Node 78 color: 2
Node 79 color: 2
Node 80 color: 3
Node 81 color: 4
Node 82 color: 4
Node 83 color: 3
Node 84 color: 4
Node 85 color: 5
Node 86 color: 3
Node 87 color: 3
Node 88 color: 3
Node 89 color: 4
Node 90 color: 5
Node 91 color: 3
Node 92 color: 4
Node 93 color: 2
Node 94 color: 3
Node 95 color: 0
Node 96 color: 4
Node 97 color: 1
Node 98 color: 2
Node 99 color: 1
Node 100 color: 3
Node 101 color: 2
Node 102 color: 3
Node 103 color: 2
Node 104 color: 2
Node 105 color: 3
Node 106 color: 1
Node 107 color: 4
Node 108 color: 1
Node 109 color: 4
Node 110 color: 1
Node 111 color: 3
Node 112 color: 0
Node 113 color: 1
Node 114 color: 0
Node 115 color: 1
Node 116 color: 3
Node 117 color: 1
Node 118 color: 2
Node 119 color: 4
Node 120 color: 1
Node 121 color: 2
Node 122 color: 1
Node 123 color: 5
Node 124 color: 2
Node 125 color: 5
Node 126 color: 2
Node 127 color: 2
Node 128 color: 5
Node 129 color: 1
Node 130 color: 4
Node 131 color: 1
Node 132 color: 4
Node 133 color: 1
Node 134 color: 4
Node 135 color: 5
Node 136 color: 1
Node 137 color: 5
Node 138 color: 1
Node 139 color: 5
Node 140 color: 1
Node 141 color: 2
Node 142 color: 1
Node 143 color: 4
Node 144 color: 1
Node 145 color: 2
Node 146 color: 1
Node 147 color: 3
Node 148 color: 2
Node 149 color: 3
Node 150 color: 2
Node 151 color: 2
Node 152 color: 3
Node 153 color: 1
Node 154 color: 4
Node 155 color: 1
Node 156 color: 4
Node 157 color: 1
Node 158 color: 3
Node 159 color: 3
Node 160 color: 1
Node 161 color: 3
Node 162 color: 1
Node 163 color: 3
Node 164 color: 1
Node 165 color: 2
Node 166 color: 4
Node 167 color: 1
Node 168 color: 2
Node 169 color: 1
Node 170 color: 3
Node 171 color: 2
Node 172 color: 3
Node 173 color: 2
Node 174 color: 2
Node 175 color: 3
Node 176 color: 1
Node 177 color: 4
Node 178 color: 1
Node 179 color: 2
Node 180 color: 1
Node 181 color: 3
Node 182 color: 2
Node 183 color: 1
Node 184 color: 2
Node 185 color: 1
Node 186 color: 3
Node 187 color: 1
Node 188 color: 2
Node 189 color: 1
Node 190 color: 1
Node 191 color: 0
Steepest Descent completed in 10 iterations
Found an optimal solution

Local Search Solution: 
Number of Conflicts: 7
Node 0 color: 1
Node 1 color: 4
Node 2 color: 1
Node 3 color: 2
Node 4 color: 1
Node 5 color: 3
Node 6 color: 2
Node 7 color: 3
Node 8 color: 2
Node 9 color: 2
Node 10 color: 3
Node 11 color: 4
Node 12 color: 4
Node 13 color: 1
Node 14 color: 4
Node 15 color: 1
Node 16 color: 3
Node 17 color: 0
Node 18 color: 3
Node 19 color: 0
Node 20 color: 0
Node 21 color: 3
Node 22 color: 1
Node 23 color: 2
Node 24 color: 4
Node 25 color: 5
Node 26 color: 2
Node 27 color: 5
Node 28 color: 5
Node 29 color: 2
Node 30 color: 5
Node 31 color: 2
Node 32 color: 2
Node 33 color: 5
Node 34 color: 4
Node 35 color: 4
Node 36 color: 5
Node 37 color: 4
Node 38 color: 5
Node 39 color: 4
Node 40 color: 5
Node 41 color: 5
Node 42 color: 5
Node 43 color: 5
Node 44 color: 5
Node 45 color: 4
Node 46 color: 2
Node 47 color: 0
Node 48 color: 4
Node 49 color: 3
Node 50 color: 2
Node 51 color: 1
Node 52 color: 3
Node 53 color: 2
Node 54 color: 3
Node 55 color: 2
Node 56 color: 2
Node 57 color: 3
Node 58 color: 4
Node 59 color: 4
Node 60 color: 3
Node 61 color: 4
Node 62 color: 0
Node 63 color: 3
Node 64 color: 3
Node 65 color: 3
Node 66 color: 0
Node 67 color: 0
Node 68 color: 3
Node 69 color: 4
Node 70 color: 2
Node 71 color: 4
Node 72 color: 3
Node 73 color: 2
Node 74 color: 5
Node 75 color: 3
Node 76 color: 2
Node 77 color: 3
Node 78 color: 2
Node 79 color: 2
Node 80 color: 3
Node 81 color: 4
Node 82 color: 4
Node 83 color: 3
Node 84 color: 4
Node 85 color: 5
Node 86 color: 3
Node 87 color: 3
Node 88 color: 3
Node 89 color: 5
Node 90 color: 5
Node 91 color: 3
Node 92 color: 4
Node 93 color: 2
Node 94 color: 3
Node 95 color: 0
Node 96 color: 4
Node 97 color: 1
Node 98 color: 2
Node 99 color: 1
Node 100 color: 3
Node 101 color: 2
Node 102 color: 3
Node 103 color: 2
Node 104 color: 2
Node 105 color: 3
Node 106 color: 1
Node 107 color: 4
Node 108 color: 1
Node 109 color: 4
Node 110 color: 1
Node 111 color: 3
Node 112 color: 0
Node 113 color: 1
Node 114 color: 0
Node 115 color: 1
Node 116 color: 3
Node 117 color: 1
Node 118 color: 2
Node 119 color: 4
Node 120 color: 1
Node 121 color: 2
Node 122 color: 1
Node 123 color: 5
Node 124 color: 2
Node 125 color: 5
Node 126 color: 2
Node 127 color: 2
Node 128 color: 5
Node 129 color: 1
Node 130 color: 4
Node 131 color: 1
Node 132 color: 4
Node 133 color: 1
Node 134 color: 4
Node 135 color: 5
Node 136 color: 1
Node 137 color: 5
Node 138 color: 1
Node 139 color: 5
Node 140 color: 1
Node 141 color: 2
Node 142 color: 1
Node 143 color: 4
Node 144 color: 1
Node 145 color: 2
Node 146 color: 1
Node 147 color: 3
Node 148 color: 2
Node 149 color: 3
Node 150 color: 2
Node 151 color: 2
Node 152 color: 3
Node 153 color: 1
Node 154 color: 4
Node 155 color: 1
Node 156 color: 4
Node 157 color: 1
Node 158 color: 3
Node 159 color: 3
Node 160 color: 1
Node 161 color: 3
Node 162 color: 1
Node 163 color: 3
Node 164 color: 1
Node 165 color: 2
Node 166 color: 4
Node 167 color: 1
Node 168 color: 2
Node 169 color: 1
Node 170 color: 3
Node 171 color: 2
Node 172 color: 3
Node 173 color: 2
Node 174 color: 2
Node 175 color: 3
Node 176 color: 1
Node 177 color: 4
Node 178 color: 1
Node 179 color: 4
Node 180 color: 1
Node 181 color: 3
Node 182 color: 3
Node 183 color: 1
Node 184 color: 5
Node 185 color: 1
Node 186 color: 3
Node 187 color: 1
Node 188 color: 2
Node 189 color: 1
Node 190 color: 1
Node 191 color: 0
