Enter filename
Reading graph
6 Colors.
Num nodes: 96
Num edges: 756

Timed out. time = 600000069
Best number of conflicts found: 534
Number of Conflicts: 534
Node 0 color: 0
Node 1 color: 4
Node 2 color: 2
Node 3 color: 3
Node 4 color: 3
Node 5 color: 2
Node 6 color: 1
Node 7 color: 1
Node 8 color: 1
Node 9 color: 0
Node 10 color: 0
Node 11 color: 0
Node 12 color: 0
Node 13 color: 0
Node 14 color: 0
Node 15 color: 0
Node 16 color: 0
Node 17 color: 0
Node 18 color: 0
Node 19 color: 0
Node 20 color: 0
Node 21 color: 0
Node 22 color: 0
Node 23 color: 0
Node 24 color: 0
Node 25 color: 0
Node 26 color: 0
Node 27 color: 0
Node 28 color: 0
Node 29 color: 0
Node 30 color: 0
Node 31 color: 0
Node 32 color: 0
Node 33 color: 0
Node 34 color: 0
Node 35 color: 0
Node 36 color: 0
Node 37 color: 0
Node 38 color: 0
Node 39 color: 0
Node 40 color: 0
Node 41 color: 0
Node 42 color: 0
Node 43 color: 0
Node 44 color: 0
Node 45 color: 0
Node 46 color: 0
Node 47 color: 0
Node 48 color: 0
Node 49 color: 0
Node 50 color: 0
Node 51 color: 0
Node 52 color: 0
Node 53 color: 0
Node 54 color: 0
Node 55 color: 0
Node 56 color: 0
Node 57 color: 0
Node 58 color: 0
Node 59 color: 0
Node 60 color: 0
Node 61 color: 0
Node 62 color: 0
Node 63 color: 0
Node 64 color: 0
Node 65 color: 0
Node 66 color: 0
Node 67 color: 0
Node 68 color: 0
Node 69 color: 0
Node 70 color: 0
Node 71 color: 0
Node 72 color: 0
Node 73 color: 0
Node 74 color: 0
Node 75 color: 0
Node 76 color: 0
Node 77 color: 0
Node 78 color: 0
Node 79 color: 0
Node 80 color: 0
Node 81 color: 0
Node 82 color: 0
Node 83 color: 0
Node 84 color: 0
Node 85 color: 0
Node 86 color: 0
Node 87 color: 0
Node 88 color: 0
Node 89 color: 0
Node 90 color: 0
Node 91 color: 0
Node 92 color: 0
Node 93 color: 0
Node 94 color: 0
Node 95 color: 0
