Enter filename
Reading graph
4 Colors.
Num nodes: 24
Num edges: 72

Timed out. time = 600000035
Best number of conflicts found: 4
Number of Conflicts: 4
Node 0 color: 0
Node 1 color: 2
Node 2 color: 3
Node 3 color: 2
Node 4 color: 3
Node 5 color: 1
Node 6 color: 0
Node 7 color: 0
Node 8 color: 0
Node 9 color: 0
Node 10 color: 0
Node 11 color: 3
Node 12 color: 1
Node 13 color: 1
Node 14 color: 2
Node 15 color: 3
Node 16 color: 1
Node 17 color: 0
Node 18 color: 0
Node 19 color: 2
Node 20 color: 1
Node 21 color: 0
Node 22 color: 1
Node 23 color: 0
