Enter filename
Reading graph
8 Colors.
Num nodes: 192
Num edges: 2361

Timed out. time = 600000197
Best number of conflicts found: 274
Number of Conflicts: 274
Node 0 color: 0
Node 1 color: 2
Node 2 color: 4
Node 3 color: 6
Node 4 color: 3
Node 5 color: 2
Node 6 color: 6
Node 7 color: 3
Node 8 color: 3
Node 9 color: 5
Node 10 color: 2
Node 11 color: 5
Node 12 color: 5
Node 13 color: 4
Node 14 color: 6
Node 15 color: 2
Node 16 color: 1
Node 17 color: 2
Node 18 color: 1
Node 19 color: 7
Node 20 color: 5
Node 21 color: 5
Node 22 color: 6
Node 23 color: 5
Node 24 color: 1
Node 25 color: 4
Node 26 color: 3
Node 27 color: 1
Node 28 color: 1
Node 29 color: 2
Node 30 color: 6
Node 31 color: 0
Node 32 color: 1
Node 33 color: 7
Node 34 color: 3
Node 35 color: 6
Node 36 color: 5
Node 37 color: 3
Node 38 color: 0
Node 39 color: 1
Node 40 color: 0
Node 41 color: 3
Node 42 color: 6
Node 43 color: 5
Node 44 color: 7
Node 45 color: 5
Node 46 color: 0
Node 47 color: 0
Node 48 color: 7
Node 49 color: 1
Node 50 color: 7
Node 51 color: 4
Node 52 color: 7
Node 53 color: 5
Node 54 color: 2
Node 55 color: 0
Node 56 color: 1
Node 57 color: 5
Node 58 color: 1
Node 59 color: 3
Node 60 color: 0
Node 61 color: 7
Node 62 color: 3
Node 63 color: 1
Node 64 color: 6
Node 65 color: 6
Node 66 color: 7
Node 67 color: 4
Node 68 color: 1
Node 69 color: 0
Node 70 color: 5
Node 71 color: 2
Node 72 color: 3
Node 73 color: 3
Node 74 color: 7
Node 75 color: 2
Node 76 color: 0
Node 77 color: 7
Node 78 color: 2
Node 79 color: 7
Node 80 color: 1
Node 81 color: 2
Node 82 color: 4
Node 83 color: 0
Node 84 color: 7
Node 85 color: 6
Node 86 color: 0
Node 87 color: 1
Node 88 color: 3
Node 89 color: 1
Node 90 color: 4
Node 91 color: 3
Node 92 color: 0
Node 93 color: 7
Node 94 color: 5
Node 95 color: 7
Node 96 color: 5
Node 97 color: 4
Node 98 color: 3
Node 99 color: 7
Node 100 color: 4
Node 101 color: 0
Node 102 color: 1
Node 103 color: 7
Node 104 color: 3
Node 105 color: 0
Node 106 color: 1
Node 107 color: 4
Node 108 color: 0
Node 109 color: 4
Node 110 color: 3
Node 111 color: 1
Node 112 color: 6
Node 113 color: 7
Node 114 color: 1
Node 115 color: 5
Node 116 color: 5
Node 117 color: 1
Node 118 color: 6
Node 119 color: 1
Node 120 color: 2
Node 121 color: 2
Node 122 color: 4
Node 123 color: 2
Node 124 color: 1
Node 125 color: 1
Node 126 color: 1
Node 127 color: 7
Node 128 color: 6
Node 129 color: 4
Node 130 color: 6
Node 131 color: 2
Node 132 color: 4
Node 133 color: 7
Node 134 color: 2
Node 135 color: 0
Node 136 color: 7
Node 137 color: 3
Node 138 color: 4
Node 139 color: 7
Node 140 color: 7
Node 141 color: 7
Node 142 color: 0
Node 143 color: 5
Node 144 color: 7
Node 145 color: 1
Node 146 color: 3
Node 147 color: 4
Node 148 color: 2
Node 149 color: 1
Node 150 color: 5
Node 151 color: 4
Node 152 color: 4
Node 153 color: 2
Node 154 color: 7
Node 155 color: 5
Node 156 color: 3
Node 157 color: 0
Node 158 color: 4
Node 159 color: 1
Node 160 color: 5
Node 161 color: 2
Node 162 color: 4
Node 163 color: 1
Node 164 color: 1
Node 165 color: 6
Node 166 color: 1
Node 167 color: 1
Node 168 color: 1
Node 169 color: 5
Node 170 color: 0
Node 171 color: 1
Node 172 color: 5
Node 173 color: 1
Node 174 color: 6
Node 175 color: 4
Node 176 color: 2
Node 177 color: 1
Node 178 color: 0
Node 179 color: 5
Node 180 color: 3
Node 181 color: 6
Node 182 color: 1
Node 183 color: 7
Node 184 color: 0
Node 185 color: 0
Node 186 color: 4
Node 187 color: 3
Node 188 color: 1
Node 189 color: 1
Node 190 color: 5
Node 191 color: 6
