Enter filename
Reading graph
5 Colors.
Num nodes: 24
Num edges: 72

Timed out. time = 600000040
Best number of conflicts found: 12
Number of Conflicts: 12
Node 0 color: 0
Node 1 color: 4
Node 2 color: 1
Node 3 color: 3
Node 4 color: 3
Node 5 color: 1
Node 6 color: 2
Node 7 color: 2
Node 8 color: 2
Node 9 color: 2
Node 10 color: 1
Node 11 color: 1
Node 12 color: 0
Node 13 color: 0
Node 14 color: 0
Node 15 color: 0
Node 16 color: 0
Node 17 color: 0
Node 18 color: 0
Node 19 color: 0
Node 20 color: 0
Node 21 color: 0
Node 22 color: 0
Node 23 color: 0
