Enter filename
Reading knapsack instance
Number of objects: 48
Cost Limit: 11119
Timed out. time = 600000033

Best solution
------------------------------------------------
Total value: 13805
Total cost: 11105

19  563 463
20  654 554
21  689 589
23  425 325
24  1070 970
26  507 407
27  876 776
28  376 276
29  223 123
30  431 331
31  456 356
32  461 361
33  405 305
34  898 798
35  147 47
36  527 427
37  745 645
38  539 439
39  239 139
40  191 91
41  347 247
42  750 650
43  311 211
44  110 10
45  200 100
46  938 838
47  727 627

