Enter filename
Reading knapsack instance
Number of objects: 256
Cost Limit: 62405
Timed out. time = 600000033

Best solution
------------------------------------------------
Total value: 30313
Total cost: 27413

227  996 896
228  998 898
229  998 898
230  1004 904
231  1005 905
232  1005 905
233  1013 913
234  1021 921
235  1022 922
236  1023 923
237  1033 933
238  1037 937
239  1037 937
240  1039 939
241  1040 940
242  1043 943
243  1043 943
244  1047 947
245  1059 959
246  1070 970
247  1075 975
248  1077 977
249  1077 977
250  1081 981
251  1087 987
252  1089 989
253  1097 997
254  1097 997
255  1100 1000

