Enter filename
Reading knapsack instance
Number of objects: 512
Cost Limit: 1330949
Timed out. time = 600000033

Best solution
------------------------------------------------
Total value: 311203
Total cost: 282203

483  10466 9466
484  10504 9504
485  10510 9510
486  10516 9516
487  10537 9537
488  10552 9552
489  10576 9576
490  10645 9645
491  10665 9665
492  10675 9675
493  10681 9681
494  10681 9681
495  10710 9710
496  10722 9722
497  10746 9746
498  10747 9747
499  10763 9763
500  10780 9780
501  10806 9806
502  10819 9819
503  10823 9823
504  10859 9859
505  10870 9870
506  10872 9872
507  10898 9898
508  10910 9910
509  10937 9937
510  10963 9963
511  10970 9970

