Enter filename
Reading knapsack instance
Number of objects: 64
Cost Limit: 15574
Timed out. time = 600000035

Best solution
------------------------------------------------
Total value: 16909
Total cost: 14009

35  147 47
36  527 427
37  745 645
38  539 439
39  239 139
40  191 91
41  347 247
42  750 650
43  311 211
44  110 10
45  200 100
46  938 838
47  727 627
48  825 725
49  860 760
50  943 843
51  876 776
52  237 137
53  575 475
54  1077 977
55  1037 937
56  818 718
57  201 101
58  199 99
59  381 281
60  709 609
61  851 751
62  919 819
63  630 530

