Enter filename
Reading knapsack instance
Number of objects: 1024
Cost Limit: 2581537
Timed out. time = 600000033

Best solution
------------------------------------------------
Total value: 170637
Total cost: 141637

995  8637 7637
996  4924 3924
997  7493 6493
998  10130 9130
999  1208 208
1000  10866 9866
1001  2078 1078
1002  1357 357
1003  9292 8292
1004  10196 9196
1005  1349 349
1006  4729 3729
1007  5219 4219
1008  4588 3588
1009  9781 8781
1010  1556 556
1011  7591 6591
1012  4807 3807
1013  10763 9763
1014  6316 5316
1015  5245 4245
1016  8168 7168
1017  2382 1382
1018  8514 7514
1019  1534 534
1020  4573 3573
1021  6108 5108
1022  4381 3381
1023  6852 5852

