Enter filename
Reading graph
6 Colors.
Num nodes: 96
Num edges: 756

Timed out. time = 600000049
Best number of conflicts found: 109
Number of Conflicts: 109
Node 0 color: 0
Node 1 color: 2
Node 2 color: 0
Node 3 color: 2
Node 4 color: 1
Node 5 color: 5
Node 6 color: 5
Node 7 color: 5
Node 8 color: 2
Node 9 color: 0
Node 10 color: 4
Node 11 color: 3
Node 12 color: 0
Node 13 color: 1
Node 14 color: 1
Node 15 color: 1
Node 16 color: 3
Node 17 color: 4
Node 18 color: 5
Node 19 color: 3
Node 20 color: 3
Node 21 color: 2
Node 22 color: 1
Node 23 color: 4
Node 24 color: 4
Node 25 color: 1
Node 26 color: 1
Node 27 color: 4
Node 28 color: 5
Node 29 color: 3
Node 30 color: 1
Node 31 color: 2
Node 32 color: 5
Node 33 color: 4
Node 34 color: 4
Node 35 color: 5
Node 36 color: 4
Node 37 color: 3
Node 38 color: 2
Node 39 color: 4
Node 40 color: 1
Node 41 color: 4
Node 42 color: 1
Node 43 color: 1
Node 44 color: 5
Node 45 color: 3
Node 46 color: 3
Node 47 color: 1
Node 48 color: 1
Node 49 color: 0
Node 50 color: 4
Node 51 color: 2
Node 52 color: 3
Node 53 color: 5
Node 54 color: 4
Node 55 color: 1
Node 56 color: 0
Node 57 color: 0
Node 58 color: 4
Node 59 color: 0
Node 60 color: 1
Node 61 color: 3
Node 62 color: 0
Node 63 color: 5
Node 64 color: 5
Node 65 color: 3
Node 66 color: 2
Node 67 color: 3
Node 68 color: 0
Node 69 color: 4
Node 70 color: 5
Node 71 color: 2
Node 72 color: 2
Node 73 color: 1
Node 74 color: 1
Node 75 color: 1
Node 76 color: 2
Node 77 color: 4
Node 78 color: 0
Node 79 color: 1
Node 80 color: 5
Node 81 color: 4
Node 82 color: 4
Node 83 color: 0
Node 84 color: 1
Node 85 color: 0
Node 86 color: 5
Node 87 color: 2
Node 88 color: 4
Node 89 color: 3
Node 90 color: 0
Node 91 color: 0
Node 92 color: 1
Node 93 color: 4
Node 94 color: 5
Node 95 color: 0
