Enter filename
Reading graph
6 Colors.
Num nodes: 192
Num edges: 2361

Timed out. time = 600000150
Best number of conflicts found: 382
Number of Conflicts: 382
Node 0 color: 0
Node 1 color: 2
Node 2 color: 0
Node 3 color: 2
Node 4 color: 0
Node 5 color: 2
Node 6 color: 2
Node 7 color: 4
Node 8 color: 1
Node 9 color: 4
Node 10 color: 1
Node 11 color: 2
Node 12 color: 2
Node 13 color: 5
Node 14 color: 5
Node 15 color: 1
Node 16 color: 2
Node 17 color: 3
Node 18 color: 3
Node 19 color: 4
Node 20 color: 4
Node 21 color: 5
Node 22 color: 5
Node 23 color: 1
Node 24 color: 4
Node 25 color: 1
Node 26 color: 0
Node 27 color: 3
Node 28 color: 1
Node 29 color: 5
Node 30 color: 0
Node 31 color: 0
Node 32 color: 1
Node 33 color: 4
Node 34 color: 5
Node 35 color: 3
Node 36 color: 1
Node 37 color: 4
Node 38 color: 4
Node 39 color: 3
Node 40 color: 2
Node 41 color: 3
Node 42 color: 3
Node 43 color: 3
Node 44 color: 1
Node 45 color: 3
Node 46 color: 4
Node 47 color: 1
Node 48 color: 0
Node 49 color: 5
Node 50 color: 5
Node 51 color: 4
Node 52 color: 4
Node 53 color: 2
Node 54 color: 3
Node 55 color: 0
Node 56 color: 3
Node 57 color: 1
Node 58 color: 3
Node 59 color: 4
Node 60 color: 0
Node 61 color: 3
Node 62 color: 4
Node 63 color: 5
Node 64 color: 5
Node 65 color: 3
Node 66 color: 3
Node 67 color: 1
Node 68 color: 1
Node 69 color: 5
Node 70 color: 2
Node 71 color: 2
Node 72 color: 3
Node 73 color: 5
Node 74 color: 5
Node 75 color: 4
Node 76 color: 2
Node 77 color: 1
Node 78 color: 3
Node 79 color: 0
Node 80 color: 0
Node 81 color: 2
Node 82 color: 2
Node 83 color: 3
Node 84 color: 4
Node 85 color: 0
Node 86 color: 3
Node 87 color: 1
Node 88 color: 1
Node 89 color: 5
Node 90 color: 3
Node 91 color: 2
Node 92 color: 2
Node 93 color: 2
Node 94 color: 5
Node 95 color: 2
Node 96 color: 3
Node 97 color: 0
Node 98 color: 1
Node 99 color: 3
Node 100 color: 0
Node 101 color: 3
Node 102 color: 5
Node 103 color: 1
Node 104 color: 2
Node 105 color: 2
Node 106 color: 3
Node 107 color: 3
Node 108 color: 1
Node 109 color: 0
Node 110 color: 3
Node 111 color: 5
Node 112 color: 2
Node 113 color: 0
Node 114 color: 2
Node 115 color: 0
Node 116 color: 4
Node 117 color: 4
Node 118 color: 5
Node 119 color: 5
Node 120 color: 3
Node 121 color: 2
Node 122 color: 5
Node 123 color: 3
Node 124 color: 2
Node 125 color: 5
Node 126 color: 5
Node 127 color: 4
Node 128 color: 5
Node 129 color: 0
Node 130 color: 1
Node 131 color: 3
Node 132 color: 1
Node 133 color: 4
Node 134 color: 4
Node 135 color: 4
Node 136 color: 4
Node 137 color: 1
Node 138 color: 1
Node 139 color: 5
Node 140 color: 1
Node 141 color: 2
Node 142 color: 2
Node 143 color: 1
Node 144 color: 0
Node 145 color: 5
Node 146 color: 1
Node 147 color: 4
Node 148 color: 1
Node 149 color: 4
Node 150 color: 4
Node 151 color: 2
Node 152 color: 1
Node 153 color: 3
Node 154 color: 5
Node 155 color: 1
Node 156 color: 0
Node 157 color: 3
Node 158 color: 5
Node 159 color: 4
Node 160 color: 1
Node 161 color: 4
Node 162 color: 1
Node 163 color: 3
Node 164 color: 0
Node 165 color: 4
Node 166 color: 1
Node 167 color: 2
Node 168 color: 5
Node 169 color: 0
Node 170 color: 5
Node 171 color: 5
Node 172 color: 0
Node 173 color: 2
Node 174 color: 0
Node 175 color: 1
Node 176 color: 5
Node 177 color: 2
Node 178 color: 5
Node 179 color: 0
Node 180 color: 4
Node 181 color: 1
Node 182 color: 2
Node 183 color: 3
Node 184 color: 3
Node 185 color: 5
Node 186 color: 5
Node 187 color: 3
Node 188 color: 2
Node 189 color: 2
Node 190 color: 5
Node 191 color: 4
