Enter filename
Reading graph
7 Colors.
Num nodes: 192
Num edges: 2361

Timed out. time = 600000271
Best number of conflicts found: 332
Number of Conflicts: 332
Node 0 color: 0
Node 1 color: 2
Node 2 color: 1
Node 3 color: 0
Node 4 color: 1
Node 5 color: 4
Node 6 color: 4
Node 7 color: 4
Node 8 color: 0
Node 9 color: 1
Node 10 color: 3
Node 11 color: 3
Node 12 color: 3
Node 13 color: 6
Node 14 color: 2
Node 15 color: 1
Node 16 color: 4
Node 17 color: 3
Node 18 color: 6
Node 19 color: 6
Node 20 color: 6
Node 21 color: 5
Node 22 color: 0
Node 23 color: 2
Node 24 color: 6
Node 25 color: 3
Node 26 color: 1
Node 27 color: 2
Node 28 color: 6
Node 29 color: 5
Node 30 color: 1
Node 31 color: 2
Node 32 color: 0
Node 33 color: 5
Node 34 color: 2
Node 35 color: 4
Node 36 color: 5
Node 37 color: 0
Node 38 color: 1
Node 39 color: 5
Node 40 color: 2
Node 41 color: 3
Node 42 color: 6
Node 43 color: 3
Node 44 color: 0
Node 45 color: 6
Node 46 color: 5
Node 47 color: 4
Node 48 color: 1
Node 49 color: 2
Node 50 color: 1
Node 51 color: 0
Node 52 color: 0
Node 53 color: 6
Node 54 color: 0
Node 55 color: 5
Node 56 color: 3
Node 57 color: 0
Node 58 color: 0
Node 59 color: 0
Node 60 color: 5
Node 61 color: 2
Node 62 color: 2
Node 63 color: 4
Node 64 color: 5
Node 65 color: 4
Node 66 color: 1
Node 67 color: 4
Node 68 color: 3
Node 69 color: 0
Node 70 color: 0
Node 71 color: 5
Node 72 color: 1
Node 73 color: 0
Node 74 color: 1
Node 75 color: 2
Node 76 color: 4
Node 77 color: 4
Node 78 color: 4
Node 79 color: 5
Node 80 color: 4
Node 81 color: 4
Node 82 color: 6
Node 83 color: 3
Node 84 color: 3
Node 85 color: 6
Node 86 color: 1
Node 87 color: 4
Node 88 color: 6
Node 89 color: 6
Node 90 color: 5
Node 91 color: 3
Node 92 color: 6
Node 93 color: 5
Node 94 color: 0
Node 95 color: 5
Node 96 color: 1
Node 97 color: 6
Node 98 color: 0
Node 99 color: 4
Node 100 color: 6
Node 101 color: 0
Node 102 color: 0
Node 103 color: 6
Node 104 color: 5
Node 105 color: 6
Node 106 color: 1
Node 107 color: 3
Node 108 color: 2
Node 109 color: 5
Node 110 color: 1
Node 111 color: 6
Node 112 color: 0
Node 113 color: 5
Node 114 color: 2
Node 115 color: 2
Node 116 color: 5
Node 117 color: 3
Node 118 color: 6
Node 119 color: 2
Node 120 color: 3
Node 121 color: 2
Node 122 color: 5
Node 123 color: 2
Node 124 color: 6
Node 125 color: 3
Node 126 color: 5
Node 127 color: 0
Node 128 color: 2
Node 129 color: 5
Node 130 color: 2
Node 131 color: 0
Node 132 color: 6
Node 133 color: 2
Node 134 color: 6
Node 135 color: 2
Node 136 color: 1
Node 137 color: 0
Node 138 color: 5
Node 139 color: 3
Node 140 color: 3
Node 141 color: 0
Node 142 color: 1
Node 143 color: 4
Node 144 color: 3
Node 145 color: 3
Node 146 color: 6
Node 147 color: 1
Node 148 color: 5
Node 149 color: 3
Node 150 color: 2
Node 151 color: 1
Node 152 color: 4
Node 153 color: 5
Node 154 color: 1
Node 155 color: 3
Node 156 color: 2
Node 157 color: 0
Node 158 color: 1
Node 159 color: 4
Node 160 color: 3
Node 161 color: 3
Node 162 color: 4
Node 163 color: 2
Node 164 color: 5
Node 165 color: 3
Node 166 color: 5
Node 167 color: 4
Node 168 color: 1
Node 169 color: 1
Node 170 color: 6
Node 171 color: 3
Node 172 color: 6
Node 173 color: 0
Node 174 color: 0
Node 175 color: 3
Node 176 color: 3
Node 177 color: 4
Node 178 color: 4
Node 179 color: 1
Node 180 color: 5
Node 181 color: 4
Node 182 color: 0
Node 183 color: 2
Node 184 color: 3
Node 185 color: 0
Node 186 color: 3
Node 187 color: 3
Node 188 color: 5
Node 189 color: 4
Node 190 color: 5
Node 191 color: 1
