Enter filename
Reading graph
6 Colors.
Num nodes: 48
Num edges: 237

Timed out. time = 600000039
Best number of conflicts found: 33
Number of Conflicts: 33
Node 0 color: 0
Node 1 color: 3
Node 2 color: 0
Node 3 color: 4
Node 4 color: 4
Node 5 color: 3
Node 6 color: 3
Node 7 color: 0
Node 8 color: 0
Node 9 color: 0
Node 10 color: 5
Node 11 color: 1
Node 12 color: 1
Node 13 color: 1
Node 14 color: 2
Node 15 color: 2
Node 16 color: 5
Node 17 color: 2
Node 18 color: 2
Node 19 color: 0
Node 20 color: 2
Node 21 color: 1
Node 22 color: 4
Node 23 color: 5
Node 24 color: 1
Node 25 color: 2
Node 26 color: 4
Node 27 color: 4
Node 28 color: 2
Node 29 color: 2
Node 30 color: 1
Node 31 color: 4
Node 32 color: 5
Node 33 color: 0
Node 34 color: 2
Node 35 color: 5
Node 36 color: 1
Node 37 color: 5
Node 38 color: 0
Node 39 color: 0
Node 40 color: 3
Node 41 color: 4
Node 42 color: 1
Node 43 color: 2
Node 44 color: 3
Node 45 color: 1
Node 46 color: 2
Node 47 color: 0
