Cost Limit: 31620
------------------------------------------------
Total value: 35420
Total cost: 31620

86  775 675
87  790 690
88  805 705
89  809 709
90  812 712
91  818 718
92  822 722
93  825 725
94  830 730
95  851 751
96  860 760
97  868 768
98  875 775
99  876 776
100  876 776
101  898 798
102  902 802
103  919 819
104  923 823
105  924 824
106  938 838
107  943 843
108  967 867
109  974 874
110  981 881
111  985 885
113  998 898
114  1021 921
115  1022 922
116  1037 937
117  1040 940
118  1043 943
119  1043 943
120  1059 959
121  1070 970
122  1075 975
123  1077 977
124  1089 989

