Cost Limit: 2581537
------------------------------------------------
Total value: 2879850
Total cost: 2577850

722  8059 7059
723  8062 7062
724  8074 7074
725  8106 7106
726  8109 7109
727  8112 7112
728  8112 7112
729  8123 7123
730  8131 7131
731  8135 7135
732  8145 7145
733  8168 7168
734  8171 7171
735  8173 7173
736  8181 7181
737  8187 7187
738  8199 7199
739  8226 7226
740  8226 7226
741  8251 7251
742  8255 7255
743  8295 7295
744  8308 7308
745  8312 7312
746  8315 7315
747  8329 7329
748  8331 7331
749  8356 7356
750  8359 7359
751  8360 7360
752  8367 7367
753  8376 7376
754  8386 7386
755  8399 7399
756  8400 7400
757  8410 7410
758  8411 7411
759  8413 7413
760  8422 7422
761  8427 7427
762  8434 7434
763  8475 7475
764  8487 7487
765  8487 7487
766  8503 7503
767  8514 7514
768  8528 7528
769  8546 7546
770  8551 7551
771  8587 7587
772  8594 7594
773  8602 7602
774  8611 7611
775  8613 7613
776  8613 7613
777  8613 7613
778  8636 7636
779  8637 7637
780  8637 7637
781  8642 7642
782  8645 7645
783  8650 7650
784  8672 7672
785  8679 7679
786  8690 7690
787  8696 7696
788  8699 7699
789  8718 7718
790  8730 7730
791  8738 7738
792  8743 7743
793  8751 7751
794  8766 7766
795  8767 7767
796  8780 7780
797  8802 7802
798  8836 7836
799  8862 7862
800  8879 7879
801  8883 7883
802  8892 7892
803  8904 7904
804  8907 7907
805  8917 7917
806  8943 7943
807  8950 7950
808  8965 7965
809  8977 7977
810  9002 8002
811  9005 8005
812  9006 8006
813  9017 8017
814  9042 8042
815  9049 8049
816  9052 8052
817  9062 8062
818  9065 8065
819  9100 8100
820  9100 8100
821  9110 8110
822  9116 8116
823  9117 8117
824  9119 8119
825  9120 8120
826  9122 8122
827  9127 8127
828  9139 8139
829  9149 8149
830  9155 8155
831  9156 8156
832  9157 8157
833  9160 8160
834  9167 8167
835  9176 8176
836  9182 8182
837  9187 8187
838  9198 8198
839  9203 8203
840  9204 8204
841  9205 8205
842  9215 8215
843  9240 8240
844  9242 8242
845  9250 8250
846  9292 8292
847  9293 8293
848  9305 8305
849  9313 8313
850  9317 8317
851  9323 8323
852  9334 8334
853  9337 8337
854  9347 8347
855  9356 8356
856  9361 8361
857  9361 8361
858  9370 8370
859  9372 8372
860  9375 8375
861  9383 8383
862  9396 8396
863  9399 8399
864  9400 8400
865  9441 8441
866  9449 8449
867  9460 8460
868  9463 8463
869  9522 8522
870  9524 8524
871  9544 8544
872  9549 8549
873  9550 8550
874  9554 8554
875  9574 8574
876  9576 8576
877  9588 8588
878  9597 8597
879  9628 8628
880  9632 8632
881  9642 8642
882  9643 8643
883  9645 8645
884  9648 8648
885  9652 8652
886  9652 8652
887  9658 8658
888  9661 8661
889  9662 8662
890  9688 8688
891  9691 8691
892  9712 8712
893  9721 8721
894  9725 8725
895  9730 8730
896  9751 8751
897  9758 8758
898  9763 8763
899  9781 8781
900  9809 8809
901  9810 8810
902  9819 8819
903  9848 8848
904  9850 8850
905  9851 8851
906  9861 8861
907  9875 8875
908  9885 8885
909  9885 8885
910  9887 8887
911  9893 8893
912  9895 8895
913  9897 8897
914  9898 8898
915  9904 8904
916  9909 8909
917  9909 8909
918  9921 8921
919  9921 8921
920  9922 8922
921  9950 8950
922  9969 8969
923  9989 8989
924  9992 8992
925  10028 9028
926  10032 9032
927  10072 9072
928  10090 9090
929  10109 9109
930  10123 9123
931  10129 9129
932  10130 9130
933  10141 9141
934  10143 9143
935  10164 9164
936  10168 9168
937  10174 9174
938  10186 9186
939  10188 9188
940  10196 9196
941  10219 9219
942  10223 9223
943  10229 9229
944  10229 9229
945  10232 9232
946  10237 9237
947  10240 9240
948  10244 9244
949  10290 9290
950  10300 9300
951  10301 9301
952  10308 9308
953  10314 9314
954  10315 9315
955  10319 9319
956  10321 9321
957  10323 9323
958  10352 9352
959  10352 9352
960  10354 9354
961  10356 9356
962  10362 9362
963  10380 9380
964  10396 9396
965  10400 9400
966  10407 9407
967  10410 9410
968  10412 9412
969  10439 9439
970  10453 9453
971  10459 9459
972  10462 9462
973  10466 9466
974  10491 9491
975  10504 9504
976  10510 9510
977  10516 9516
978  10537 9537
979  10552 9552
980  10560 9560
981  10576 9576
982  10612 9612
983  10645 9645
984  10662 9662
985  10665 9665
986  10674 9674
987  10675 9675
988  10681 9681
989  10681 9681
990  10710 9710
991  10711 9711
992  10722 9722
993  10722 9722
994  10746 9746
995  10747 9747
996  10762 9762
997  10763 9763
998  10763 9763
999  10770 9770
1000  10780 9780
1001  10788 9788
1002  10806 9806
1003  10819 9819
1004  10823 9823
1005  10837 9837
1006  10858 9858
1007  10859 9859
1008  10859 9859
1009  10866 9866
1010  10870 9870
1011  10872 9872
1012  10872 9872
1013  10879 9879
1014  10898 9898
1015  10910 9910
1016  10935 9935
1017  10937 9937
1018  10949 9949
1019  10958 9958
1020  10963 9963
1021  10968 9968
1022  10970 9970
1023  10975 9975

