Cost Limit: 1330949
------------------------------------------------
Total value: 1484608
Total cost: 1330608

358  8226 7226
359  8295 7295
360  8308 7308
361  8312 7312
362  8329 7329
363  8331 7331
364  8356 7356
365  8359 7359
366  8360 7360
367  8367 7367
368  8376 7376
369  8399 7399
370  8400 7400
371  8410 7410
372  8413 7413
373  8422 7422
374  8475 7475
375  8487 7487
376  8551 7551
377  8587 7587
378  8594 7594
379  8613 7613
380  8613 7613
381  8613 7613
382  8636 7636
383  8642 7642
384  8650 7650
385  8690 7690
386  8718 7718
387  8751 7751
388  8862 7862
389  8892 7892
390  8904 7904
391  8943 7943
392  8965 7965
393  9006 8006
394  9052 8052
395  9062 8062
396  9100 8100
397  9110 8110
398  9117 8117
399  9119 8119
400  9120 8120
401  9122 8122
402  9127 8127
403  9139 8139
404  9149 8149
405  9157 8157
406  9160 8160
407  9167 8167
408  9182 8182
409  9187 8187
410  9198 8198
411  9203 8203
412  9205 8205
413  9242 8242
414  9250 8250
415  9293 8293
416  9305 8305
417  9323 8323
418  9337 8337
419  9347 8347
420  9356 8356
421  9361 8361
422  9361 8361
423  9370 8370
424  9460 8460
425  9463 8463
426  9544 8544
427  9554 8554
428  9576 8576
429  9597 8597
430  9632 8632
431  9643 8643
432  9645 8645
433  9648 8648
434  9652 8652
435  9652 8652
436  9658 8658
437  9662 8662
438  9712 8712
439  9725 8725
440  9730 8730
441  9751 8751
442  9809 8809
443  9810 8810
444  9819 8819
445  9850 8850
446  9861 8861
447  9885 8885
448  9885 8885
449  9887 8887
450  9895 8895
451  9909 8909
452  9921 8921
453  9921 8921
454  9922 8922
455  10028 9028
456  10072 9072
457  10090 9090
458  10109 9109
459  10123 9123
460  10129 9129
461  10141 9141
462  10164 9164
463  10174 9174
464  10229 9229
465  10232 9232
466  10237 9237
467  10240 9240
468  10300 9300
469  10301 9301
470  10308 9308
471  10321 9321
472  10352 9352
473  10354 9354
474  10362 9362
475  10396 9396
476  10400 9400
477  10407 9407
478  10410 9410
479  10412 9412
480  10439 9439
481  10459 9459
482  10462 9462
483  10466 9466
484  10504 9504
485  10510 9510
486  10516 9516
487  10537 9537
488  10552 9552
489  10576 9576
490  10645 9645
491  10665 9665
492  10675 9675
493  10681 9681
494  10681 9681
495  10710 9710
496  10722 9722
497  10746 9746
498  10747 9747
499  10763 9763
500  10780 9780
501  10806 9806
502  10819 9819
503  10823 9823
504  10859 9859
505  10870 9870
506  10872 9872
507  10898 9898
508  10910 9910
509  10937 9937
510  10963 9963
511  10970 9970

