Cost Limit: 62405
------------------------------------------------
Total value: 69805
Total cost: 62405

179  790 690
180  800 700
181  802 702
182  805 705
184  812 712
185  818 718
186  822 722
187  823 723
188  823 723
189  825 725
190  825 725
191  830 730
192  847 747
193  851 751
194  852 752
195  853 753
196  854 754
197  860 760
198  864 764
199  868 768
200  870 770
201  875 775
202  876 776
203  876 776
204  884 784
205  886 786
206  898 798
207  902 802
208  909 809
209  910 810
210  912 812
211  919 819
212  923 823
213  923 823
214  924 824
215  929 829
216  930 830
217  938 838
218  943 843
219  961 861
220  962 862
221  967 867
222  972 872
223  974 874
224  981 881
225  985 885
226  985 885
227  996 896
228  998 898
229  998 898
230  1004 904
231  1005 905
232  1005 905
233  1013 913
234  1021 921
235  1022 922
236  1023 923
237  1033 933
238  1037 937
239  1037 937
240  1039 939
241  1040 940
242  1043 943
243  1043 943
244  1047 947
246  1070 970
247  1075 975
248  1077 977
249  1077 977
250  1081 981
252  1089 989
253  1097 997
254  1097 997
255  1100 1000

