Enter filename
Reading knapsack instance
Number of objects: 1024
Cost Limit: 2581537
Timed out. time = 600000034

Best solution
------------------------------------------------
Total value: 315056
Total cost: 286056

995  10747 9747
996  10762 9762
997  10763 9763
998  10763 9763
999  10770 9770
1000  10780 9780
1001  10788 9788
1002  10806 9806
1003  10819 9819
1004  10823 9823
1005  10837 9837
1006  10858 9858
1007  10859 9859
1008  10859 9859
1009  10866 9866
1010  10870 9870
1011  10872 9872
1012  10872 9872
1013  10879 9879
1014  10898 9898
1015  10910 9910
1016  10935 9935
1017  10937 9937
1018  10949 9949
1019  10958 9958
1020  10963 9963
1021  10968 9968
1022  10970 9970
1023  10975 9975

