Enter filename
Reading knapsack instance
Number of objects: 256
Cost Limit: 62405
Timed out. time = 600000033

Best solution
------------------------------------------------
Total value: 16988
Total cost: 14288

226  1005 905
230  469 369
231  651 551
232  625 525
233  228 128
234  1087 987
235  912 812
236  760 660
237  853 753
238  249 149
239  644 544
240  864 764
241  784 684
242  496 396
243  930 830
244  1005 905
245  825 725
246  130 30
247  430 330
248  484 384
249  215 115
250  1081 981
251  138 38
252  583 483
253  545 445
254  276 176
255  719 619

