Enter filename
Reading knapsack instance
Number of objects: 128
Cost Limit: 31620
Timed out. time = 600000033

Best solution
------------------------------------------------
Total value: 28970
Total cost: 26070

99  876 776
100  876 776
101  898 798
102  902 802
103  919 819
104  923 823
105  924 824
106  938 838
107  943 843
108  967 867
109  974 874
110  981 881
111  985 885
112  996 896
113  998 898
114  1021 921
115  1022 922
116  1037 937
117  1040 940
118  1043 943
119  1043 943
120  1059 959
121  1070 970
122  1075 975
123  1077 977
124  1089 989
125  1097 997
126  1097 997
127  1100 1000

